[0.055s] DEBUG:colcon:Command line arguments: ['/usr/bin/colcon', 'build', '--symlink-install']
[0.055s] DEBUG:colcon:Parsed command line arguments: Namespace(log_base=None, log_level=None, verb_name='build', build_base='build', install_base='install', merge_install=False, symlink_install=True, test_result_base=None, continue_on_error=False, executor='parallel', parallel_workers=16, event_handlers=None, ignore_user_meta=False, metas=['./colcon.meta'], base_paths=['.'], packages_ignore=None, packages_ignore_regex=None, paths=None, packages_up_to=None, packages_up_to_regex=None, packages_above=None, packages_above_and_dependencies=None, packages_above_depth=None, packages_select_by_dep=None, packages_skip_by_dep=None, packages_skip_up_to=None, packages_select_build_failed=False, packages_skip_build_finished=False, packages_select_test_failures=False, packages_skip_test_passed=False, packages_select=None, packages_skip=None, packages_select_regex=None, packages_skip_regex=None, packages_start=None, packages_end=None, allow_overriding=[], cmake_args=None, cmake_target=None, cmake_target_skip_unavailable=False, cmake_clean_cache=False, cmake_clean_first=False, cmake_force_configure=False, ament_cmake_args=None, catkin_cmake_args=None, catkin_skip_building_tests=False, verb_parser=<colcon_defaults.argument_parser.defaults.DefaultArgumentsDecorator object at 0x79adf2962620>, verb_extension=<colcon_core.verb.build.BuildVerb object at 0x79adf2adfb80>, main=<bound method BuildVerb.main of <colcon_core.verb.build.BuildVerb object at 0x79adf2adfb80>>)
[0.149s] Level 1:colcon.colcon_core.package_discovery:discover_packages(colcon_meta) check parameters
[0.149s] Level 1:colcon.colcon_core.package_discovery:discover_packages(recursive) check parameters
[0.149s] Level 1:colcon.colcon_core.package_discovery:discover_packages(ignore) check parameters
[0.149s] Level 1:colcon.colcon_core.package_discovery:discover_packages(path) check parameters
[0.149s] Level 1:colcon.colcon_core.package_discovery:discover_packages(colcon_meta) discover
[0.149s] Level 1:colcon.colcon_core.package_discovery:discover_packages(recursive) discover
[0.149s] INFO:colcon.colcon_core.package_discovery:Crawling recursively for packages in '/home/singularity/robpractice'
[0.149s] Level 1:colcon.colcon_core.package_identification:_identify(.) by extensions ['ignore', 'ignore_ament_install']
[0.149s] Level 1:colcon.colcon_core.package_identification:_identify(.) by extension 'ignore'
[0.149s] Level 1:colcon.colcon_core.package_identification:_identify(.) by extension 'ignore_ament_install'
[0.149s] Level 1:colcon.colcon_core.package_identification:_identify(.) by extensions ['colcon_pkg']
[0.149s] Level 1:colcon.colcon_core.package_identification:_identify(.) by extension 'colcon_pkg'
[0.149s] Level 1:colcon.colcon_core.package_identification:_identify(.) by extensions ['colcon_meta']
[0.149s] Level 1:colcon.colcon_core.package_identification:_identify(.) by extension 'colcon_meta'
[0.149s] Level 1:colcon.colcon_core.package_identification:_identify(.) by extensions ['ros']
[0.149s] Level 1:colcon.colcon_core.package_identification:_identify(.) by extension 'ros'
[0.168s] Level 1:colcon.colcon_core.package_identification:_identify(.) by extensions ['cmake', 'python']
[0.168s] Level 1:colcon.colcon_core.package_identification:_identify(.) by extension 'cmake'
[0.168s] Level 1:colcon.colcon_core.package_identification:_identify(.) by extension 'python'
[0.168s] Level 1:colcon.colcon_core.package_identification:_identify(.) by extensions ['python_setup_py']
[0.168s] Level 1:colcon.colcon_core.package_identification:_identify(.) by extension 'python_setup_py'
[0.168s] Level 1:colcon.colcon_core.package_identification:_identify(build) by extensions ['ignore', 'ignore_ament_install']
[0.168s] Level 1:colcon.colcon_core.package_identification:_identify(build) by extension 'ignore'
[0.168s] Level 1:colcon.colcon_core.package_identification:_identify(build) ignored
[0.168s] Level 1:colcon.colcon_core.package_identification:_identify(install) by extensions ['ignore', 'ignore_ament_install']
[0.168s] Level 1:colcon.colcon_core.package_identification:_identify(install) by extension 'ignore'
[0.168s] Level 1:colcon.colcon_core.package_identification:_identify(install) ignored
[0.168s] Level 1:colcon.colcon_core.package_identification:_identify(log) by extensions ['ignore', 'ignore_ament_install']
[0.168s] Level 1:colcon.colcon_core.package_identification:_identify(log) by extension 'ignore'
[0.168s] Level 1:colcon.colcon_core.package_identification:_identify(log) ignored
[0.168s] Level 1:colcon.colcon_core.package_identification:_identify(src) by extensions ['ignore', 'ignore_ament_install']
[0.168s] Level 1:colcon.colcon_core.package_identification:_identify(src) by extension 'ignore'
[0.168s] Level 1:colcon.colcon_core.package_identification:_identify(src) by extension 'ignore_ament_install'
[0.168s] Level 1:colcon.colcon_core.package_identification:_identify(src) by extensions ['colcon_pkg']
[0.168s] Level 1:colcon.colcon_core.package_identification:_identify(src) by extension 'colcon_pkg'
[0.168s] Level 1:colcon.colcon_core.package_identification:_identify(src) by extensions ['colcon_meta']
[0.168s] Level 1:colcon.colcon_core.package_identification:_identify(src) by extension 'colcon_meta'
[0.168s] Level 1:colcon.colcon_core.package_identification:_identify(src) by extensions ['ros']
[0.168s] Level 1:colcon.colcon_core.package_identification:_identify(src) by extension 'ros'
[0.168s] Level 1:colcon.colcon_core.package_identification:_identify(src) by extensions ['cmake', 'python']
[0.168s] Level 1:colcon.colcon_core.package_identification:_identify(src) by extension 'cmake'
[0.168s] Level 1:colcon.colcon_core.package_identification:_identify(src) by extension 'python'
[0.168s] Level 1:colcon.colcon_core.package_identification:_identify(src) by extensions ['python_setup_py']
[0.168s] Level 1:colcon.colcon_core.package_identification:_identify(src) by extension 'python_setup_py'
[0.168s] Level 1:colcon.colcon_core.package_identification:_identify(src/autonomous_drive) by extensions ['ignore', 'ignore_ament_install']
[0.168s] Level 1:colcon.colcon_core.package_identification:_identify(src/autonomous_drive) by extension 'ignore'
[0.168s] Level 1:colcon.colcon_core.package_identification:_identify(src/autonomous_drive) by extension 'ignore_ament_install'
[0.169s] Level 1:colcon.colcon_core.package_identification:_identify(src/autonomous_drive) by extensions ['colcon_pkg']
[0.169s] Level 1:colcon.colcon_core.package_identification:_identify(src/autonomous_drive) by extension 'colcon_pkg'
[0.169s] Level 1:colcon.colcon_core.package_identification:_identify(src/autonomous_drive) by extensions ['colcon_meta']
[0.169s] Level 1:colcon.colcon_core.package_identification:_identify(src/autonomous_drive) by extension 'colcon_meta'
[0.169s] Level 1:colcon.colcon_core.package_identification:_identify(src/autonomous_drive) by extensions ['ros']
[0.169s] Level 1:colcon.colcon_core.package_identification:_identify(src/autonomous_drive) by extension 'ros'
[0.170s] DEBUG:colcon.colcon_core.package_identification:Package 'src/autonomous_drive' with type 'ros.ament_python' and name 'autonomous_drive'
[0.170s] Level 1:colcon.colcon_core.package_identification:_identify(src/my_scout_description) by extensions ['ignore', 'ignore_ament_install']
[0.170s] Level 1:colcon.colcon_core.package_identification:_identify(src/my_scout_description) by extension 'ignore'
[0.170s] Level 1:colcon.colcon_core.package_identification:_identify(src/my_scout_description) by extension 'ignore_ament_install'
[0.170s] Level 1:colcon.colcon_core.package_identification:_identify(src/my_scout_description) by extensions ['colcon_pkg']
[0.170s] Level 1:colcon.colcon_core.package_identification:_identify(src/my_scout_description) by extension 'colcon_pkg'
[0.170s] Level 1:colcon.colcon_core.package_identification:_identify(src/my_scout_description) by extensions ['colcon_meta']
[0.170s] Level 1:colcon.colcon_core.package_identification:_identify(src/my_scout_description) by extension 'colcon_meta'
[0.170s] Level 1:colcon.colcon_core.package_identification:_identify(src/my_scout_description) by extensions ['ros']
[0.170s] Level 1:colcon.colcon_core.package_identification:_identify(src/my_scout_description) by extension 'ros'
[0.171s] DEBUG:colcon.colcon_core.package_identification:Package 'src/my_scout_description' with type 'ros.ament_cmake' and name 'my_scout_description'
[0.171s] Level 1:colcon.colcon_core.package_identification:_identify(src/scout_gazebo_sim) by extensions ['ignore', 'ignore_ament_install']
[0.171s] Level 1:colcon.colcon_core.package_identification:_identify(src/scout_gazebo_sim) by extension 'ignore'
[0.171s] Level 1:colcon.colcon_core.package_identification:_identify(src/scout_gazebo_sim) by extension 'ignore_ament_install'
[0.171s] Level 1:colcon.colcon_core.package_identification:_identify(src/scout_gazebo_sim) by extensions ['colcon_pkg']
[0.171s] Level 1:colcon.colcon_core.package_identification:_identify(src/scout_gazebo_sim) by extension 'colcon_pkg'
[0.171s] Level 1:colcon.colcon_core.package_identification:_identify(src/scout_gazebo_sim) by extensions ['colcon_meta']
[0.171s] Level 1:colcon.colcon_core.package_identification:_identify(src/scout_gazebo_sim) by extension 'colcon_meta'
[0.171s] Level 1:colcon.colcon_core.package_identification:_identify(src/scout_gazebo_sim) by extensions ['ros']
[0.171s] Level 1:colcon.colcon_core.package_identification:_identify(src/scout_gazebo_sim) by extension 'ros'
[0.171s] DEBUG:colcon.colcon_core.package_identification:Package 'src/scout_gazebo_sim' with type 'ros.ament_cmake' and name 'scout_gazebo_sim'
[0.171s] Level 1:colcon.colcon_core.package_discovery:discover_packages(recursive) using defaults
[0.171s] Level 1:colcon.colcon_core.package_discovery:discover_packages(ignore) discover
[0.171s] Level 1:colcon.colcon_core.package_discovery:discover_packages(ignore) using defaults
[0.171s] Level 1:colcon.colcon_core.package_discovery:discover_packages(path) discover
[0.171s] Level 1:colcon.colcon_core.package_discovery:discover_packages(path) using defaults
[0.182s] Level 1:colcon.colcon_core.package_discovery:discover_packages(prefix_path) check parameters
[0.182s] Level 1:colcon.colcon_core.package_discovery:discover_packages(prefix_path) discover
[0.183s] DEBUG:colcon.colcon_installed_package_information.package_discovery:Found 3 installed packages in /home/singularity/robpractice/install
[0.184s] DEBUG:colcon.colcon_installed_package_information.package_discovery:Found 402 installed packages in /opt/ros/humble
[0.185s] Level 1:colcon.colcon_core.package_discovery:discover_packages(prefix_path) using defaults
[0.209s] Level 5:colcon.colcon_core.verb:set package 'autonomous_drive' build argument 'cmake_args' from command line to 'None'
[0.209s] Level 5:colcon.colcon_core.verb:set package 'autonomous_drive' build argument 'cmake_target' from command line to 'None'
[0.209s] Level 5:colcon.colcon_core.verb:set package 'autonomous_drive' build argument 'cmake_target_skip_unavailable' from command line to 'False'
[0.209s] Level 5:colcon.colcon_core.verb:set package 'autonomous_drive' build argument 'cmake_clean_cache' from command line to 'False'
[0.209s] Level 5:colcon.colcon_core.verb:set package 'autonomous_drive' build argument 'cmake_clean_first' from command line to 'False'
[0.209s] Level 5:colcon.colcon_core.verb:set package 'autonomous_drive' build argument 'cmake_force_configure' from command line to 'False'
[0.209s] Level 5:colcon.colcon_core.verb:set package 'autonomous_drive' build argument 'ament_cmake_args' from command line to 'None'
[0.209s] Level 5:colcon.colcon_core.verb:set package 'autonomous_drive' build argument 'catkin_cmake_args' from command line to 'None'
[0.209s] Level 5:colcon.colcon_core.verb:set package 'autonomous_drive' build argument 'catkin_skip_building_tests' from command line to 'False'
[0.209s] DEBUG:colcon.colcon_core.verb:Building package 'autonomous_drive' with the following arguments: {'ament_cmake_args': None, 'build_base': '/home/singularity/robpractice/build/autonomous_drive', 'catkin_cmake_args': None, 'catkin_skip_building_tests': False, 'cmake_args': None, 'cmake_clean_cache': False, 'cmake_clean_first': False, 'cmake_force_configure': False, 'cmake_target': None, 'cmake_target_skip_unavailable': False, 'install_base': '/home/singularity/robpractice/install/autonomous_drive', 'merge_install': False, 'path': '/home/singularity/robpractice/src/autonomous_drive', 'symlink_install': True, 'test_result_base': None}
[0.209s] Level 5:colcon.colcon_core.verb:set package 'my_scout_description' build argument 'cmake_args' from command line to 'None'
[0.209s] Level 5:colcon.colcon_core.verb:set package 'my_scout_description' build argument 'cmake_target' from command line to 'None'
[0.209s] Level 5:colcon.colcon_core.verb:set package 'my_scout_description' build argument 'cmake_target_skip_unavailable' from command line to 'False'
[0.209s] Level 5:colcon.colcon_core.verb:set package 'my_scout_description' build argument 'cmake_clean_cache' from command line to 'False'
[0.209s] Level 5:colcon.colcon_core.verb:set package 'my_scout_description' build argument 'cmake_clean_first' from command line to 'False'
[0.209s] Level 5:colcon.colcon_core.verb:set package 'my_scout_description' build argument 'cmake_force_configure' from command line to 'False'
[0.209s] Level 5:colcon.colcon_core.verb:set package 'my_scout_description' build argument 'ament_cmake_args' from command line to 'None'
[0.209s] Level 5:colcon.colcon_core.verb:set package 'my_scout_description' build argument 'catkin_cmake_args' from command line to 'None'
[0.209s] Level 5:colcon.colcon_core.verb:set package 'my_scout_description' build argument 'catkin_skip_building_tests' from command line to 'False'
[0.209s] DEBUG:colcon.colcon_core.verb:Building package 'my_scout_description' with the following arguments: {'ament_cmake_args': None, 'build_base': '/home/singularity/robpractice/build/my_scout_description', 'catkin_cmake_args': None, 'catkin_skip_building_tests': False, 'cmake_args': None, 'cmake_clean_cache': False, 'cmake_clean_first': False, 'cmake_force_configure': False, 'cmake_target': None, 'cmake_target_skip_unavailable': False, 'install_base': '/home/singularity/robpractice/install/my_scout_description', 'merge_install': False, 'path': '/home/singularity/robpractice/src/my_scout_description', 'symlink_install': True, 'test_result_base': None}
[0.209s] Level 5:colcon.colcon_core.verb:set package 'scout_gazebo_sim' build argument 'cmake_args' from command line to 'None'
[0.210s] Level 5:colcon.colcon_core.verb:set package 'scout_gazebo_sim' build argument 'cmake_target' from command line to 'None'
[0.210s] Level 5:colcon.colcon_core.verb:set package 'scout_gazebo_sim' build argument 'cmake_target_skip_unavailable' from command line to 'False'
[0.210s] Level 5:colcon.colcon_core.verb:set package 'scout_gazebo_sim' build argument 'cmake_clean_cache' from command line to 'False'
[0.210s] Level 5:colcon.colcon_core.verb:set package 'scout_gazebo_sim' build argument 'cmake_clean_first' from command line to 'False'
[0.210s] Level 5:colcon.colcon_core.verb:set package 'scout_gazebo_sim' build argument 'cmake_force_configure' from command line to 'False'
[0.210s] Level 5:colcon.colcon_core.verb:set package 'scout_gazebo_sim' build argument 'ament_cmake_args' from command line to 'None'
[0.210s] Level 5:colcon.colcon_core.verb:set package 'scout_gazebo_sim' build argument 'catkin_cmake_args' from command line to 'None'
[0.210s] Level 5:colcon.colcon_core.verb:set package 'scout_gazebo_sim' build argument 'catkin_skip_building_tests' from command line to 'False'
[0.210s] DEBUG:colcon.colcon_core.verb:Building package 'scout_gazebo_sim' with the following arguments: {'ament_cmake_args': None, 'build_base': '/home/singularity/robpractice/build/scout_gazebo_sim', 'catkin_cmake_args': None, 'catkin_skip_building_tests': False, 'cmake_args': None, 'cmake_clean_cache': False, 'cmake_clean_first': False, 'cmake_force_configure': False, 'cmake_target': None, 'cmake_target_skip_unavailable': False, 'install_base': '/home/singularity/robpractice/install/scout_gazebo_sim', 'merge_install': False, 'path': '/home/singularity/robpractice/src/scout_gazebo_sim', 'symlink_install': True, 'test_result_base': None}
[0.210s] INFO:colcon.colcon_core.executor:Executing jobs using 'parallel' executor
[0.210s] DEBUG:colcon.colcon_parallel_executor.executor.parallel:run_until_complete
[0.211s] INFO:colcon.colcon_ros.task.ament_python.build:Building ROS package in '/home/singularity/robpractice/src/autonomous_drive' with build type 'ament_python'
[0.211s] Level 1:colcon.colcon_core.shell:create_environment_hook('autonomous_drive', 'ament_prefix_path')
[0.212s] INFO:colcon.colcon_core.plugin_system:Skipping extension 'colcon_core.shell.bat': Not used on non-Windows systems
[0.212s] INFO:colcon.colcon_core.shell:Creating environment hook '/home/singularity/robpractice/install/autonomous_drive/share/autonomous_drive/hook/ament_prefix_path.ps1'
[0.212s] INFO:colcon.colcon_core.shell:Creating environment descriptor '/home/singularity/robpractice/install/autonomous_drive/share/autonomous_drive/hook/ament_prefix_path.dsv'
[0.213s] INFO:colcon.colcon_core.shell:Creating environment hook '/home/singularity/robpractice/install/autonomous_drive/share/autonomous_drive/hook/ament_prefix_path.sh'
[0.213s] INFO:colcon.colcon_core.shell:Skip shell extension 'powershell' for command environment: Not usable outside of PowerShell
[0.213s] DEBUG:colcon.colcon_core.shell:Skip shell extension 'dsv' for command environment
[0.215s] INFO:colcon.colcon_ros.task.ament_cmake.build:Building ROS package in '/home/singularity/robpractice/src/my_scout_description' with build type 'ament_cmake'
[0.215s] INFO:colcon.colcon_cmake.task.cmake.build:Building CMake package in '/home/singularity/robpractice/src/my_scout_description'
[0.216s] INFO:colcon.colcon_core.shell:Skip shell extension 'powershell' for command environment: Not usable outside of PowerShell
[0.216s] DEBUG:colcon.colcon_core.shell:Skip shell extension 'dsv' for command environment
[0.218s] INFO:colcon.colcon_ros.task.ament_cmake.build:Building ROS package in '/home/singularity/robpractice/src/scout_gazebo_sim' with build type 'ament_cmake'
[0.218s] INFO:colcon.colcon_cmake.task.cmake.build:Building CMake package in '/home/singularity/robpractice/src/scout_gazebo_sim'
[0.218s] INFO:colcon.colcon_core.shell:Skip shell extension 'powershell' for command environment: Not usable outside of PowerShell
[0.218s] DEBUG:colcon.colcon_core.shell:Skip shell extension 'dsv' for command environment
[0.362s] INFO:colcon.colcon_core.task.python.build:Building Python package in '/home/singularity/robpractice/src/autonomous_drive'
[0.362s] INFO:colcon.colcon_core.shell:Skip shell extension 'powershell' for command environment: Not usable outside of PowerShell
[0.362s] DEBUG:colcon.colcon_core.shell:Skip shell extension 'dsv' for command environment
[0.369s] DEBUG:colcon.colcon_core.event_handler.log_command:Invoking command in '/home/singularity/robpractice/build/my_scout_description': CMAKE_PREFIX_PATH=${CMAKE_PREFIX_PATH}:/home/singularity/robpractice/install/autonomous_drive:/opt/ros/humble /usr/bin/cmake --build /home/singularity/robpractice/build/my_scout_description -- -j16 -l16
[0.371s] DEBUG:colcon.colcon_core.event_handler.log_command:Invoking command in '/home/singularity/robpractice/build/scout_gazebo_sim': CMAKE_PREFIX_PATH=${CMAKE_PREFIX_PATH}:/home/singularity/robpractice/install/autonomous_drive:/opt/ros/humble /usr/bin/cmake --build /home/singularity/robpractice/build/scout_gazebo_sim -- -j16 -l16
[0.396s] DEBUG:colcon.colcon_core.event_handler.log_command:Invoked command in '/home/singularity/robpractice/build/my_scout_description' returned '0': CMAKE_PREFIX_PATH=${CMAKE_PREFIX_PATH}:/home/singularity/robpractice/install/autonomous_drive:/opt/ros/humble /usr/bin/cmake --build /home/singularity/robpractice/build/my_scout_description -- -j16 -l16
[0.404s] DEBUG:colcon.colcon_core.event_handler.log_command:Invoking command in '/home/singularity/robpractice/build/my_scout_description': CMAKE_PREFIX_PATH=${CMAKE_PREFIX_PATH}:/home/singularity/robpractice/install/autonomous_drive:/opt/ros/humble /usr/bin/cmake --install /home/singularity/robpractice/build/my_scout_description
[0.405s] DEBUG:colcon.colcon_core.event_handler.log_command:Invoked command in '/home/singularity/robpractice/build/scout_gazebo_sim' returned '0': CMAKE_PREFIX_PATH=${CMAKE_PREFIX_PATH}:/home/singularity/robpractice/install/autonomous_drive:/opt/ros/humble /usr/bin/cmake --build /home/singularity/robpractice/build/scout_gazebo_sim -- -j16 -l16
[0.406s] DEBUG:colcon.colcon_core.event_handler.log_command:Invoking command in '/home/singularity/robpractice/build/scout_gazebo_sim': CMAKE_PREFIX_PATH=${CMAKE_PREFIX_PATH}:/home/singularity/robpractice/install/autonomous_drive:/opt/ros/humble /usr/bin/cmake --install /home/singularity/robpractice/build/scout_gazebo_sim
[0.417s] Level 1:colcon.colcon_core.environment:create_environment_scripts_only(my_scout_description)
[0.418s] DEBUG:colcon.colcon_core.event_handler.log_command:Invoked command in '/home/singularity/robpractice/build/my_scout_description' returned '0': CMAKE_PREFIX_PATH=${CMAKE_PREFIX_PATH}:/home/singularity/robpractice/install/autonomous_drive:/opt/ros/humble /usr/bin/cmake --install /home/singularity/robpractice/build/my_scout_description
[0.419s] Level 1:colcon.colcon_core.environment:checking '/home/singularity/robpractice/install/my_scout_description' for CMake module files
[0.420s] Level 1:colcon.colcon_core.environment:checking '/home/singularity/robpractice/install/my_scout_description' for CMake config files
[0.420s] Level 1:colcon.colcon_core.shell:create_environment_hook('my_scout_description', 'cmake_prefix_path')
[0.420s] INFO:colcon.colcon_core.shell:Creating environment hook '/home/singularity/robpractice/install/my_scout_description/share/my_scout_description/hook/cmake_prefix_path.ps1'
[0.420s] INFO:colcon.colcon_core.shell:Creating environment descriptor '/home/singularity/robpractice/install/my_scout_description/share/my_scout_description/hook/cmake_prefix_path.dsv'
[0.421s] INFO:colcon.colcon_core.shell:Creating environment hook '/home/singularity/robpractice/install/my_scout_description/share/my_scout_description/hook/cmake_prefix_path.sh'
[0.421s] Level 1:colcon.colcon_core.environment:checking '/home/singularity/robpractice/install/my_scout_description/bin'
[0.421s] Level 1:colcon.colcon_core.environment:checking '/home/singularity/robpractice/install/my_scout_description/lib/pkgconfig/my_scout_description.pc'
[0.422s] Level 1:colcon.colcon_core.environment:checking '/home/singularity/robpractice/install/my_scout_description/lib/python3.10/site-packages'
[0.422s] Level 1:colcon.colcon_core.environment:checking '/home/singularity/robpractice/install/my_scout_description/bin'
[0.422s] INFO:colcon.colcon_core.shell:Creating package script '/home/singularity/robpractice/install/my_scout_description/share/my_scout_description/package.ps1'
[0.422s] INFO:colcon.colcon_core.shell:Creating package descriptor '/home/singularity/robpractice/install/my_scout_description/share/my_scout_description/package.dsv'
[0.423s] INFO:colcon.colcon_core.shell:Creating package script '/home/singularity/robpractice/install/my_scout_description/share/my_scout_description/package.sh'
[0.423s] INFO:colcon.colcon_core.shell:Creating package script '/home/singularity/robpractice/install/my_scout_description/share/my_scout_description/package.bash'
[0.423s] INFO:colcon.colcon_core.shell:Creating package script '/home/singularity/robpractice/install/my_scout_description/share/my_scout_description/package.zsh'
[0.424s] Level 1:colcon.colcon_core.environment:create_file_with_runtime_dependencies(/home/singularity/robpractice/install/my_scout_description/share/colcon-core/packages/my_scout_description)
[0.424s] Level 1:colcon.colcon_core.environment:create_environment_scripts_only(my_scout_description)
[0.424s] Level 1:colcon.colcon_core.environment:checking '/home/singularity/robpractice/install/my_scout_description' for CMake module files
[0.424s] Level 1:colcon.colcon_core.environment:checking '/home/singularity/robpractice/install/my_scout_description' for CMake config files
[0.425s] Level 1:colcon.colcon_core.shell:create_environment_hook('my_scout_description', 'cmake_prefix_path')
[0.425s] INFO:colcon.colcon_core.shell:Creating environment hook '/home/singularity/robpractice/install/my_scout_description/share/my_scout_description/hook/cmake_prefix_path.ps1'
[0.425s] INFO:colcon.colcon_core.shell:Creating environment descriptor '/home/singularity/robpractice/install/my_scout_description/share/my_scout_description/hook/cmake_prefix_path.dsv'
[0.425s] INFO:colcon.colcon_core.shell:Creating environment hook '/home/singularity/robpractice/install/my_scout_description/share/my_scout_description/hook/cmake_prefix_path.sh'
[0.425s] Level 1:colcon.colcon_core.environment:checking '/home/singularity/robpractice/install/my_scout_description/bin'
[0.425s] Level 1:colcon.colcon_core.environment:checking '/home/singularity/robpractice/install/my_scout_description/lib/pkgconfig/my_scout_description.pc'
[0.426s] Level 1:colcon.colcon_core.environment:checking '/home/singularity/robpractice/install/my_scout_description/lib/python3.10/site-packages'
[0.426s] Level 1:colcon.colcon_core.environment:checking '/home/singularity/robpractice/install/my_scout_description/bin'
[0.426s] INFO:colcon.colcon_core.shell:Creating package script '/home/singularity/robpractice/install/my_scout_description/share/my_scout_description/package.ps1'
[0.426s] INFO:colcon.colcon_core.shell:Creating package descriptor '/home/singularity/robpractice/install/my_scout_description/share/my_scout_description/package.dsv'
[0.426s] INFO:colcon.colcon_core.shell:Creating package script '/home/singularity/robpractice/install/my_scout_description/share/my_scout_description/package.sh'
[0.427s] INFO:colcon.colcon_core.shell:Creating package script '/home/singularity/robpractice/install/my_scout_description/share/my_scout_description/package.bash'
[0.427s] INFO:colcon.colcon_core.shell:Creating package script '/home/singularity/robpractice/install/my_scout_description/share/my_scout_description/package.zsh'
[0.427s] Level 1:colcon.colcon_core.environment:create_file_with_runtime_dependencies(/home/singularity/robpractice/install/my_scout_description/share/colcon-core/packages/my_scout_description)
[0.428s] Level 1:colcon.colcon_core.environment:create_environment_scripts_only(scout_gazebo_sim)
[0.428s] Level 1:colcon.colcon_core.environment:checking '/home/singularity/robpractice/install/scout_gazebo_sim' for CMake module files
[0.429s] DEBUG:colcon.colcon_core.event_handler.log_command:Invoked command in '/home/singularity/robpractice/build/scout_gazebo_sim' returned '0': CMAKE_PREFIX_PATH=${CMAKE_PREFIX_PATH}:/home/singularity/robpractice/install/autonomous_drive:/opt/ros/humble /usr/bin/cmake --install /home/singularity/robpractice/build/scout_gazebo_sim
[0.429s] Level 1:colcon.colcon_core.environment:checking '/home/singularity/robpractice/install/scout_gazebo_sim' for CMake config files
[0.429s] Level 1:colcon.colcon_core.shell:create_environment_hook('scout_gazebo_sim', 'cmake_prefix_path')
[0.429s] INFO:colcon.colcon_core.shell:Creating environment hook '/home/singularity/robpractice/install/scout_gazebo_sim/share/scout_gazebo_sim/hook/cmake_prefix_path.ps1'
[0.430s] INFO:colcon.colcon_core.shell:Creating environment descriptor '/home/singularity/robpractice/install/scout_gazebo_sim/share/scout_gazebo_sim/hook/cmake_prefix_path.dsv'
[0.430s] INFO:colcon.colcon_core.shell:Creating environment hook '/home/singularity/robpractice/install/scout_gazebo_sim/share/scout_gazebo_sim/hook/cmake_prefix_path.sh'
[0.430s] Level 1:colcon.colcon_core.environment:checking '/home/singularity/robpractice/install/scout_gazebo_sim/bin'
[0.430s] Level 1:colcon.colcon_core.environment:checking '/home/singularity/robpractice/install/scout_gazebo_sim/lib/pkgconfig/scout_gazebo_sim.pc'
[0.431s] Level 1:colcon.colcon_core.environment:checking '/home/singularity/robpractice/install/scout_gazebo_sim/lib/python3.10/site-packages'
[0.431s] Level 1:colcon.colcon_core.environment:checking '/home/singularity/robpractice/install/scout_gazebo_sim/bin'
[0.431s] INFO:colcon.colcon_core.shell:Creating package script '/home/singularity/robpractice/install/scout_gazebo_sim/share/scout_gazebo_sim/package.ps1'
[0.432s] INFO:colcon.colcon_core.shell:Creating package descriptor '/home/singularity/robpractice/install/scout_gazebo_sim/share/scout_gazebo_sim/package.dsv'
[0.432s] INFO:colcon.colcon_core.shell:Creating package script '/home/singularity/robpractice/install/scout_gazebo_sim/share/scout_gazebo_sim/package.sh'
[0.432s] INFO:colcon.colcon_core.shell:Creating package script '/home/singularity/robpractice/install/scout_gazebo_sim/share/scout_gazebo_sim/package.bash'
[0.433s] INFO:colcon.colcon_core.shell:Creating package script '/home/singularity/robpractice/install/scout_gazebo_sim/share/scout_gazebo_sim/package.zsh'
[0.433s] Level 1:colcon.colcon_core.environment:create_file_with_runtime_dependencies(/home/singularity/robpractice/install/scout_gazebo_sim/share/colcon-core/packages/scout_gazebo_sim)
[0.433s] Level 1:colcon.colcon_core.environment:create_environment_scripts_only(scout_gazebo_sim)
[0.433s] Level 1:colcon.colcon_core.environment:checking '/home/singularity/robpractice/install/scout_gazebo_sim' for CMake module files
[0.433s] Level 1:colcon.colcon_core.environment:checking '/home/singularity/robpractice/install/scout_gazebo_sim' for CMake config files
[0.434s] Level 1:colcon.colcon_core.shell:create_environment_hook('scout_gazebo_sim', 'cmake_prefix_path')
[0.434s] INFO:colcon.colcon_core.shell:Creating environment hook '/home/singularity/robpractice/install/scout_gazebo_sim/share/scout_gazebo_sim/hook/cmake_prefix_path.ps1'
[0.434s] INFO:colcon.colcon_core.shell:Creating environment descriptor '/home/singularity/robpractice/install/scout_gazebo_sim/share/scout_gazebo_sim/hook/cmake_prefix_path.dsv'
[0.434s] INFO:colcon.colcon_core.shell:Creating environment hook '/home/singularity/robpractice/install/scout_gazebo_sim/share/scout_gazebo_sim/hook/cmake_prefix_path.sh'
[0.434s] Level 1:colcon.colcon_core.environment:checking '/home/singularity/robpractice/install/scout_gazebo_sim/bin'
[0.434s] Level 1:colcon.colcon_core.environment:checking '/home/singularity/robpractice/install/scout_gazebo_sim/lib/pkgconfig/scout_gazebo_sim.pc'
[0.434s] Level 1:colcon.colcon_core.environment:checking '/home/singularity/robpractice/install/scout_gazebo_sim/lib/python3.10/site-packages'
[0.435s] Level 1:colcon.colcon_core.environment:checking '/home/singularity/robpractice/install/scout_gazebo_sim/bin'
[0.435s] INFO:colcon.colcon_core.shell:Creating package script '/home/singularity/robpractice/install/scout_gazebo_sim/share/scout_gazebo_sim/package.ps1'
[0.435s] INFO:colcon.colcon_core.shell:Creating package descriptor '/home/singularity/robpractice/install/scout_gazebo_sim/share/scout_gazebo_sim/package.dsv'
[0.435s] INFO:colcon.colcon_core.shell:Creating package script '/home/singularity/robpractice/install/scout_gazebo_sim/share/scout_gazebo_sim/package.sh'
[0.436s] INFO:colcon.colcon_core.shell:Creating package script '/home/singularity/robpractice/install/scout_gazebo_sim/share/scout_gazebo_sim/package.bash'
[0.436s] INFO:colcon.colcon_core.shell:Creating package script '/home/singularity/robpractice/install/scout_gazebo_sim/share/scout_gazebo_sim/package.zsh'
[0.436s] Level 1:colcon.colcon_core.environment:create_file_with_runtime_dependencies(/home/singularity/robpractice/install/scout_gazebo_sim/share/colcon-core/packages/scout_gazebo_sim)
[0.593s] DEBUG:colcon.colcon_core.event_handler.log_command:Invoking command in '/home/singularity/robpractice/build/autonomous_drive': PYTHONPATH=/home/singularity/robpractice/build/autonomous_drive/prefix_override:/usr/lib/python3/dist-packages/colcon_core/task/python/colcon_distutils_commands:/home/singularity/robpractice/install/autonomous_drive/lib/python3.10/site-packages:${PYTHONPATH} /usr/bin/python3 -W ignore:setup.py install is deprecated -W ignore:easy_install command is deprecated setup.py develop --editable --build-directory /home/singularity/robpractice/build/autonomous_drive/build --no-deps symlink_data
[0.880s] Level 1:colcon.colcon_core.shell:create_environment_hook('autonomous_drive', 'pythonpath_develop')
[0.880s] INFO:colcon.colcon_core.shell:Creating environment hook '/home/singularity/robpractice/build/autonomous_drive/share/autonomous_drive/hook/pythonpath_develop.ps1'
[0.880s] DEBUG:colcon.colcon_core.event_handler.log_command:Invoked command in '/home/singularity/robpractice/build/autonomous_drive' returned '0': PYTHONPATH=/home/singularity/robpractice/build/autonomous_drive/prefix_override:/usr/lib/python3/dist-packages/colcon_core/task/python/colcon_distutils_commands:/home/singularity/robpractice/install/autonomous_drive/lib/python3.10/site-packages:${PYTHONPATH} /usr/bin/python3 -W ignore:setup.py install is deprecated -W ignore:easy_install command is deprecated setup.py develop --editable --build-directory /home/singularity/robpractice/build/autonomous_drive/build --no-deps symlink_data
[0.881s] INFO:colcon.colcon_core.shell:Creating environment descriptor '/home/singularity/robpractice/build/autonomous_drive/share/autonomous_drive/hook/pythonpath_develop.dsv'
[0.881s] INFO:colcon.colcon_core.shell:Creating environment hook '/home/singularity/robpractice/build/autonomous_drive/share/autonomous_drive/hook/pythonpath_develop.sh'
[0.881s] Level 1:colcon.colcon_core.environment:checking '/home/singularity/robpractice/install/autonomous_drive' for CMake module files
[0.881s] Level 1:colcon.colcon_core.environment:checking '/home/singularity/robpractice/install/autonomous_drive' for CMake config files
[0.882s] Level 1:colcon.colcon_core.environment:checking '/home/singularity/robpractice/install/autonomous_drive/lib'
[0.882s] Level 1:colcon.colcon_core.environment:checking '/home/singularity/robpractice/install/autonomous_drive/bin'
[0.882s] Level 1:colcon.colcon_core.environment:checking '/home/singularity/robpractice/install/autonomous_drive/lib/pkgconfig/autonomous_drive.pc'
[0.882s] Level 1:colcon.colcon_core.environment:checking '/home/singularity/robpractice/install/autonomous_drive/lib/python3.10/site-packages'
[0.882s] Level 1:colcon.colcon_core.shell:create_environment_hook('autonomous_drive', 'pythonpath')
[0.882s] INFO:colcon.colcon_core.shell:Creating environment hook '/home/singularity/robpractice/install/autonomous_drive/share/autonomous_drive/hook/pythonpath.ps1'
[0.882s] INFO:colcon.colcon_core.shell:Creating environment descriptor '/home/singularity/robpractice/install/autonomous_drive/share/autonomous_drive/hook/pythonpath.dsv'
[0.882s] INFO:colcon.colcon_core.shell:Creating environment hook '/home/singularity/robpractice/install/autonomous_drive/share/autonomous_drive/hook/pythonpath.sh'
[0.883s] Level 1:colcon.colcon_core.environment:checking '/home/singularity/robpractice/install/autonomous_drive/bin'
[0.883s] Level 1:colcon.colcon_core.environment:create_environment_scripts_only(autonomous_drive)
[0.883s] INFO:colcon.colcon_core.shell:Creating package script '/home/singularity/robpractice/install/autonomous_drive/share/autonomous_drive/package.ps1'
[0.883s] INFO:colcon.colcon_core.shell:Creating package descriptor '/home/singularity/robpractice/install/autonomous_drive/share/autonomous_drive/package.dsv'
[0.883s] INFO:colcon.colcon_core.shell:Creating package script '/home/singularity/robpractice/install/autonomous_drive/share/autonomous_drive/package.sh'
[0.884s] INFO:colcon.colcon_core.shell:Creating package script '/home/singularity/robpractice/install/autonomous_drive/share/autonomous_drive/package.bash'
[0.884s] INFO:colcon.colcon_core.shell:Creating package script '/home/singularity/robpractice/install/autonomous_drive/share/autonomous_drive/package.zsh'
[0.884s] Level 1:colcon.colcon_core.environment:create_file_with_runtime_dependencies(/home/singularity/robpractice/install/autonomous_drive/share/colcon-core/packages/autonomous_drive)
[0.884s] DEBUG:colcon.colcon_parallel_executor.executor.parallel:closing loop
[0.884s] DEBUG:colcon.colcon_parallel_executor.executor.parallel:loop closed
[0.884s] DEBUG:colcon.colcon_parallel_executor.executor.parallel:run_until_complete finished with '0'
[0.884s] DEBUG:colcon.colcon_core.event_reactor:joining thread
[0.887s] INFO:colcon.colcon_core.plugin_system:Skipping extension 'colcon_notification.desktop_notification.terminal_notifier': Not used on non-Darwin systems
[0.887s] INFO:colcon.colcon_core.plugin_system:Skipping extension 'colcon_notification.desktop_notification.win32': Not used on non-Windows systems
[0.887s] INFO:colcon.colcon_notification.desktop_notification:Sending desktop notification using 'notify2'
[0.894s] DEBUG:colcon.colcon_core.event_reactor:joined thread
[0.895s] INFO:colcon.colcon_core.shell:Creating prefix script '/home/singularity/robpractice/install/local_setup.ps1'
[0.895s] INFO:colcon.colcon_core.shell:Creating prefix util module '/home/singularity/robpractice/install/_local_setup_util_ps1.py'
[0.896s] INFO:colcon.colcon_core.shell:Creating prefix chain script '/home/singularity/robpractice/install/setup.ps1'
[0.897s] INFO:colcon.colcon_core.shell:Creating prefix script '/home/singularity/robpractice/install/local_setup.sh'
[0.897s] INFO:colcon.colcon_core.shell:Creating prefix util module '/home/singularity/robpractice/install/_local_setup_util_sh.py'
[0.897s] INFO:colcon.colcon_core.shell:Creating prefix chain script '/home/singularity/robpractice/install/setup.sh'
[0.898s] INFO:colcon.colcon_core.shell:Creating prefix script '/home/singularity/robpractice/install/local_setup.bash'
[0.898s] INFO:colcon.colcon_core.shell:Creating prefix chain script '/home/singularity/robpractice/install/setup.bash'
[0.899s] INFO:colcon.colcon_core.shell:Creating prefix script '/home/singularity/robpractice/install/local_setup.zsh'
[0.899s] INFO:colcon.colcon_core.shell:Creating prefix chain script '/home/singularity/robpractice/install/setup.zsh'
