[0.005s] Invoking command in '/home/singularity/robpractice/build/scout_gazebo_sim': CMAKE_PREFIX_PATH=${CMAKE_PREFIX_PATH}:/opt/ros/humble /usr/bin/cmake /home/singularity/robpractice/src/scout_gazebo_sim -DAMENT_CMAKE_SYMLINK_INSTALL=1 -DCMAKE_INSTALL_PREFIX=/home/singularity/robpractice/install/scout_gazebo_sim
[0.046s] -- The C compiler identification is GNU 11.4.0
[0.085s] -- The CXX compiler identification is GNU 11.4.0
[0.091s] -- Detecting C compiler ABI info
[0.141s] -- Detecting C compiler ABI info - done
[0.147s] -- Check for working C compiler: /usr/bin/cc - skipped
[0.147s] -- Detecting C compile features
[0.148s] -- Detecting C compile features - done
[0.149s] -- Detecting CXX compiler ABI info
[0.207s] -- Detecting CXX compiler ABI info - done
[0.212s] -- Check for working CXX compiler: /usr/bin/c++ - skipped
[0.212s] -- Detecting CXX compile features
[0.212s] -- Detecting CXX compile features - done
[0.213s] -- Found ament_cmake: 1.3.12 (/opt/ros/humble/share/ament_cmake/cmake)
[0.313s] -- Found Python3: /usr/bin/python3 (found version "3.10.12") found components: Interpreter 
[0.350s] -- Override CMake install command with custom implementation using symlinks instead of copying resources
[0.362s] -- Found rclcpp: 16.0.15 (/opt/ros/humble/share/rclcpp/cmake)
[0.383s] -- Found rosidl_generator_c: 3.1.7 (/opt/ros/humble/share/rosidl_generator_c/cmake)
[0.386s] -- Found rosidl_adapter: 3.1.7 (/opt/ros/humble/share/rosidl_adapter/cmake)
[0.390s] -- Found rosidl_generator_cpp: 3.1.7 (/opt/ros/humble/share/rosidl_generator_cpp/cmake)
[0.396s] -- Using all available rosidl_typesupport_c: rosidl_typesupport_fastrtps_c;rosidl_typesupport_introspection_c
[0.404s] -- Using all available rosidl_typesupport_cpp: rosidl_typesupport_fastrtps_cpp;rosidl_typesupport_introspection_cpp
[0.427s] -- Found rmw_implementation_cmake: 6.1.2 (/opt/ros/humble/share/rmw_implementation_cmake/cmake)
[0.428s] -- Found rmw_fastrtps_cpp: 6.2.8 (/opt/ros/humble/share/rmw_fastrtps_cpp/cmake)
[0.483s] -- Found OpenSSL: /usr/lib/x86_64-linux-gnu/libcrypto.so (found version "3.0.2")  
[0.501s] -- Found FastRTPS: /opt/ros/humble/include  
[0.528s] -- Using RMW implementation 'rmw_fastrtps_cpp' as default
[0.535s] -- Looking for pthread.h
[0.583s] -- Looking for pthread.h - found
[0.583s] -- Performing Test CMAKE_HAVE_LIBC_PTHREAD
[0.639s] -- Performing Test CMAKE_HAVE_LIBC_PTHREAD - Success
[0.640s] -- Found Threads: TRUE  
[0.669s] -- Found gazebo_ros: 3.9.0 (/opt/ros/humble/share/gazebo_ros/cmake)
[0.675s] -- Found PkgConfig: /usr/bin/pkg-config (found version "0.29.2") 
[0.676s] -- Checking for module 'bullet>=2.82'
[0.686s] --   Found bullet, version 3.05
[0.788s] -- Found fcl: /usr/include (found suitable version "0.7.0", minimum required is "0.5.0") 
[0.851s] -- Found assimp: /usr/include (found version "5.2.0") 
[0.863s] -- Found DART: /usr/include (Required is at least version "6.6") found components: dart 
[0.884s] -- Found Boost: /usr/lib/x86_64-linux-gnu/cmake/Boost-1.74.0/BoostConfig.cmake (found suitable version "1.74.0", minimum required is "1.40.0") found components: thread system filesystem program_options regex iostreams date_time 
[0.892s] -- Found Protobuf: /usr/lib/x86_64-linux-gnu/libprotobuf.so (found version "3.12.4") 
[0.894s] -- Looking for ignition-math6 -- found version 6.15.1
[0.897s] -- Searching for dependencies of ignition-math6
[0.898s] -- Looking for OGRE...
[0.898s] -- OGRE_PREFIX_WATCH changed.
[0.902s] -- Checking for module 'OGRE'
[0.912s] --   Found OGRE, version 1.9.0
[0.951s] -- Found Ogre Ghadamon (1.9.0)
[0.958s] -- Found OGRE: optimized;/usr/lib/x86_64-linux-gnu/libOgreMain.so;debug;/usr/lib/x86_64-linux-gnu/libOgreMain.so
[0.965s] -- Looking for OGRE_Paging...
[0.967s] -- Found OGRE_Paging: optimized;/usr/lib/x86_64-linux-gnu/libOgrePaging.so;debug;/usr/lib/x86_64-linux-gnu/libOgrePaging.so
[0.967s] -- Looking for OGRE_Terrain...
[0.970s] -- Found OGRE_Terrain: optimized;/usr/lib/x86_64-linux-gnu/libOgreTerrain.so;debug;/usr/lib/x86_64-linux-gnu/libOgreTerrain.so
[0.970s] -- Looking for OGRE_Property...
[0.972s] -- Found OGRE_Property: optimized;/usr/lib/x86_64-linux-gnu/libOgreProperty.so;debug;/usr/lib/x86_64-linux-gnu/libOgreProperty.so
[0.972s] -- Looking for OGRE_RTShaderSystem...
[0.975s] -- Found OGRE_RTShaderSystem: optimized;/usr/lib/x86_64-linux-gnu/libOgreRTShaderSystem.so;debug;/usr/lib/x86_64-linux-gnu/libOgreRTShaderSystem.so
[0.975s] -- Looking for OGRE_Volume...
[0.977s] -- Found OGRE_Volume: optimized;/usr/lib/x86_64-linux-gnu/libOgreVolume.so;debug;/usr/lib/x86_64-linux-gnu/libOgreVolume.so
[0.977s] -- Looking for OGRE_Overlay...
[0.980s] -- Found OGRE_Overlay: optimized;/usr/lib/x86_64-linux-gnu/libOgreOverlay.so;debug;/usr/lib/x86_64-linux-gnu/libOgreOverlay.so
[1.033s] -- Looking for ignition-math6 -- found version 6.15.1
[1.034s] -- Looking for ignition-transport8 -- found version 8.2.1
[1.034s] -- Searching for dependencies of ignition-transport8
[1.045s] -- Found Protobuf: /usr/lib/x86_64-linux-gnu/libprotobuf.so (found suitable version "3.12.4", minimum required is "3") 
[1.050s] -- Config-file not installed for ZeroMQ -- checking for pkg-config
[1.054s] -- Checking for module 'libzmq >= 4'
[1.065s] --   Found libzmq , version 4.3.4
[1.107s] -- Found ZeroMQ: TRUE (Required is at least version "4") 
[1.113s] -- Checking for module 'uuid'
[1.129s] --   Found uuid, version 2.37.2
[1.173s] -- Found UUID: TRUE  
[1.175s] -- Looking for ignition-msgs5 -- found version 5.8.1
[1.176s] -- Searching for dependencies of ignition-msgs5
[1.189s] -- Looking for ignition-math6 -- found version 6.15.1
[1.193s] -- Checking for module 'tinyxml2'
[1.208s] --   Found tinyxml2, version 9.0.0
[1.252s] -- Looking for ignition-msgs5 -- found version 5.8.1
[1.253s] -- Looking for ignition-common3 -- found version 3.14.0
[1.253s] -- Searching for dependencies of ignition-common3
[1.253s] -- Looking for dlfcn.h - found
[1.254s] -- Looking for libdl - found
[1.255s] -- Found DL: TRUE  
[1.262s] -- Found tinyobjloader: /usr/lib/x86_64-linux-gnu/cmake/tinyobjloader/tinyobjloader-config.cmake (found version "2.0.0") 
[1.263s] -- Searching for <ignition-common3> component [graphics]
[1.264s] -- Looking for ignition-common3-graphics -- found version 3.14.0
[1.264s] -- Searching for dependencies of ignition-common3-graphics
[1.264s] -- Looking for ignition-math6 -- found version 6.15.1
[1.265s] -- Looking for ignition-fuel_tools4 -- found version 4.4.0
[1.266s] -- Searching for dependencies of ignition-fuel_tools4
[1.344s] -- Found CURL: /usr/lib/x86_64-linux-gnu/libcurl.so (found version "7.81.0")  
[1.354s] -- Checking for module 'jsoncpp'
[1.371s] --   Found jsoncpp, version 1.9.5
[1.412s] -- Found JSONCPP: TRUE  
[1.419s] -- Checking for module 'libzip'
[1.437s] --   Found libzip, version 1.7.3
[1.480s] -- Found ZIP: TRUE  
[1.481s] -- Looking for ignition-common3 -- found version 3.14.0
[1.482s] -- Looking for ignition-math6 -- found version 6.15.1
[1.482s] -- Looking for ignition-msgs5 -- found version 5.8.1
[1.486s] -- Gazebo version: 11.10
[1.486s] -- Checking for module 'tbb'
[1.501s] --   Found tbb, version 2021.5.0
[1.547s] -- Found ros_gz_bridge: 0.244.20 (/opt/ros/humble/share/ros_gz_bridge/cmake)
[1.654s] -- Found Protobuf: /usr/lib/x86_64-linux-gnu/libprotobuf.so (found version "3.12.4") 
[1.895s] -- Found tf2_ros: 0.25.16 (/opt/ros/humble/share/tf2_ros/cmake)
[1.909s] -- Found ament_lint_auto: 0.12.14 (/opt/ros/humble/share/ament_lint_auto/cmake)
[1.965s] -- Added test 'flake8' to check Python code syntax and style conventions
[1.965s] -- Added test 'lint_cmake' to check CMake code style
[1.965s] -- Added test 'pep257' to check Python code against some of the docstring style conventions in PEP 257
[1.966s] -- Added test 'xmllint' to check XML markup files
[1.967s] -- Configuring done
[1.970s] -- Generating done
[1.972s] -- Build files have been written to: /home/singularity/robpractice/build/scout_gazebo_sim
[1.982s] Invoked command in '/home/singularity/robpractice/build/scout_gazebo_sim' returned '0': CMAKE_PREFIX_PATH=${CMAKE_PREFIX_PATH}:/opt/ros/humble /usr/bin/cmake /home/singularity/robpractice/src/scout_gazebo_sim -DAMENT_CMAKE_SYMLINK_INSTALL=1 -DCMAKE_INSTALL_PREFIX=/home/singularity/robpractice/install/scout_gazebo_sim
[1.982s] Invoking command in '/home/singularity/robpractice/build/scout_gazebo_sim': CMAKE_PREFIX_PATH=${CMAKE_PREFIX_PATH}:/opt/ros/humble /usr/bin/cmake --build /home/singularity/robpractice/build/scout_gazebo_sim -- -j16 -l16
[2.011s] Invoked command in '/home/singularity/robpractice/build/scout_gazebo_sim' returned '0': CMAKE_PREFIX_PATH=${CMAKE_PREFIX_PATH}:/opt/ros/humble /usr/bin/cmake --build /home/singularity/robpractice/build/scout_gazebo_sim -- -j16 -l16
[2.012s] Invoking command in '/home/singularity/robpractice/build/scout_gazebo_sim': CMAKE_PREFIX_PATH=${CMAKE_PREFIX_PATH}:/opt/ros/humble /usr/bin/cmake --install /home/singularity/robpractice/build/scout_gazebo_sim
[2.018s] -- Install configuration: ""
[2.019s] -- Execute custom install script
[2.019s] -- Symlinking: /home/singularity/robpractice/install/scout_gazebo_sim/share/scout_gazebo_sim//launch/spawn_scout.launch.py
[2.027s] -- Symlinking: /home/singularity/robpractice/install/scout_gazebo_sim/share/scout_gazebo_sim//worlds/empty.world
[2.033s] -- Symlinking: /home/singularity/robpractice/install/scout_gazebo_sim/share/scout_gazebo_sim/config/bridge_config.yaml
[2.039s] -- Symlinking: /home/singularity/robpractice/install/scout_gazebo_sim/share/scout_gazebo_sim/rviz/scout_view.rviz
[2.048s] -- Symlinking: /home/singularity/robpractice/install/scout_gazebo_sim/share/ament_index/resource_index/package_run_dependencies/scout_gazebo_sim
[2.054s] -- Symlinking: /home/singularity/robpractice/install/scout_gazebo_sim/share/ament_index/resource_index/parent_prefix_path/scout_gazebo_sim
[2.060s] -- Symlinking: /home/singularity/robpractice/install/scout_gazebo_sim/share/scout_gazebo_sim/environment/ament_prefix_path.sh
[2.066s] -- Symlinking: /home/singularity/robpractice/install/scout_gazebo_sim/share/scout_gazebo_sim/environment/ament_prefix_path.dsv
[2.070s] -- Symlinking: /home/singularity/robpractice/install/scout_gazebo_sim/share/scout_gazebo_sim/environment/path.sh
[2.075s] -- Symlinking: /home/singularity/robpractice/install/scout_gazebo_sim/share/scout_gazebo_sim/environment/path.dsv
[2.081s] -- Symlinking: /home/singularity/robpractice/install/scout_gazebo_sim/share/scout_gazebo_sim/local_setup.bash
[2.086s] -- Symlinking: /home/singularity/robpractice/install/scout_gazebo_sim/share/scout_gazebo_sim/local_setup.sh
[2.092s] -- Symlinking: /home/singularity/robpractice/install/scout_gazebo_sim/share/scout_gazebo_sim/local_setup.zsh
[2.097s] -- Symlinking: /home/singularity/robpractice/install/scout_gazebo_sim/share/scout_gazebo_sim/local_setup.dsv
[2.101s] -- Symlinking: /home/singularity/robpractice/install/scout_gazebo_sim/share/scout_gazebo_sim/package.dsv
[2.106s] -- Symlinking: /home/singularity/robpractice/install/scout_gazebo_sim/share/ament_index/resource_index/packages/scout_gazebo_sim
[2.112s] -- Symlinking: /home/singularity/robpractice/install/scout_gazebo_sim/share/scout_gazebo_sim/cmake/scout_gazebo_simConfig.cmake
[2.119s] -- Symlinking: /home/singularity/robpractice/install/scout_gazebo_sim/share/scout_gazebo_sim/cmake/scout_gazebo_simConfig-version.cmake
[2.123s] -- Symlinking: /home/singularity/robpractice/install/scout_gazebo_sim/share/scout_gazebo_sim/package.xml
[2.132s] Invoked command in '/home/singularity/robpractice/build/scout_gazebo_sim' returned '0': CMAKE_PREFIX_PATH=${CMAKE_PREFIX_PATH}:/opt/ros/humble /usr/bin/cmake --install /home/singularity/robpractice/build/scout_gazebo_sim
