-- The C compiler identification is GNU 11.4.0
-- The CXX compiler identification is GNU 11.4.0
-- Detecting C compiler ABI info
-- Detecting C compiler ABI info - done
-- Check for working C compiler: /usr/bin/cc - skipped
-- Detecting C compile features
-- Detecting C compile features - done
-- Detecting CXX compiler ABI info
-- Detecting CXX compiler ABI info - done
-- Check for working CXX compiler: /usr/bin/c++ - skipped
-- Detecting CXX compile features
-- Detecting CXX compile features - done
-- Found ament_cmake: 1.3.12 (/opt/ros/humble/share/ament_cmake/cmake)
-- Found Python3: /usr/bin/python3 (found version "3.10.12") found components: Interpreter 
-- Override CMake install command with custom implementation using symlinks instead of copying resources
-- Found xacro: 2.1.1 (/opt/ros/humble/share/xacro/cmake)
-- Found urdf: 2.6.1 (/opt/ros/humble/share/urdf/cmake)
-- Found ament_lint_auto: 0.12.14 (/opt/ros/humble/share/ament_lint_auto/cmake)
-- Added test 'lint_cmake' to check CMake code style
-- Added test 'xmllint' to check XML markup files
-- Configuring done
-- Generating done
-- Build files have been written to: /home/singularity/robpractice/build/my_scout_description
-- Install configuration: ""
-- Execute custom install script
-- Symlinking: /home/singularity/robpractice/install/my_scout_description/share/ament_index/resource_index/package_run_dependencies/my_scout_description
-- Symlinking: /home/singularity/robpractice/install/my_scout_description/share/ament_index/resource_index/parent_prefix_path/my_scout_description
-- Symlinking: /home/singularity/robpractice/install/my_scout_description/share/my_scout_description/environment/ament_prefix_path.sh
-- Symlinking: /home/singularity/robpractice/install/my_scout_description/share/my_scout_description/environment/ament_prefix_path.dsv
-- Symlinking: /home/singularity/robpractice/install/my_scout_description/share/my_scout_description/environment/path.sh
-- Symlinking: /home/singularity/robpractice/install/my_scout_description/share/my_scout_description/environment/path.dsv
-- Symlinking: /home/singularity/robpractice/install/my_scout_description/share/my_scout_description/local_setup.bash
-- Symlinking: /home/singularity/robpractice/install/my_scout_description/share/my_scout_description/local_setup.sh
-- Symlinking: /home/singularity/robpractice/install/my_scout_description/share/my_scout_description/local_setup.zsh
-- Symlinking: /home/singularity/robpractice/install/my_scout_description/share/my_scout_description/local_setup.dsv
-- Symlinking: /home/singularity/robpractice/install/my_scout_description/share/my_scout_description/package.dsv
-- Symlinking: /home/singularity/robpractice/install/my_scout_description/share/ament_index/resource_index/packages/my_scout_description
-- Symlinking: /home/singularity/robpractice/install/my_scout_description/share/my_scout_description/cmake/my_scout_descriptionConfig.cmake
-- Symlinking: /home/singularity/robpractice/install/my_scout_description/share/my_scout_description/cmake/my_scout_descriptionConfig-version.cmake
-- Symlinking: /home/singularity/robpractice/install/my_scout_description/share/my_scout_description/package.xml
-- Symlinking: /home/singularity/robpractice/install/my_scout_description/share/my_scout_description/urdf/scout_mini.xacro
-- Symlinking: /home/singularity/robpractice/install/my_scout_description/share/my_scout_description/meshes/scout_mini_base_link.dae
-- Symlinking: /home/singularity/robpractice/install/my_scout_description/share/my_scout_description/meshes/wheel.dae
