[0.011s] Invoking command in '/home/singularity/robpractice/build/my_scout_description': CMAKE_PREFIX_PATH=${CMAKE_PREFIX_PATH}:/opt/ros/humble /usr/bin/cmake /home/singularity/robpractice/src/my_scout_description -DAMENT_CMAKE_SYMLINK_INSTALL=1 -DCMAKE_INSTALL_PREFIX=/home/singularity/robpractice/install/my_scout_description
[0.061s] -- The C compiler identification is GNU 11.4.0
[0.108s] -- The CXX compiler identification is GNU 11.4.0
[0.116s] -- Detecting C compiler ABI info
[0.181s] -- Detecting C compiler ABI info - done
[0.189s] -- Check for working C compiler: /usr/bin/cc - skipped
[0.189s] -- Detecting C compile features
[0.190s] -- Detecting C compile features - done
[0.193s] -- Detecting CXX compiler ABI info
[0.262s] -- Detecting CXX compiler ABI info - done
[0.271s] -- Check for working CXX compiler: /usr/bin/c++ - skipped
[0.272s] -- Detecting CXX compile features
[0.272s] -- Detecting CXX compile features - done
[0.275s] -- Found ament_cmake: 1.3.12 (/opt/ros/humble/share/ament_cmake/cmake)
[0.414s] -- Found Python3: /usr/bin/python3 (found version "3.10.12") found components: Interpreter 
[0.468s] -- Override CMake install command with custom implementation using symlinks instead of copying resources
[0.492s] -- Found xacro: 2.1.1 (/opt/ros/humble/share/xacro/cmake)
[0.494s] -- Found urdf: 2.6.1 (/opt/ros/humble/share/urdf/cmake)
[0.545s] -- Found ament_lint_auto: 0.12.14 (/opt/ros/humble/share/ament_lint_auto/cmake)
[0.631s] -- Added test 'lint_cmake' to check CMake code style
[0.632s] -- Added test 'xmllint' to check XML markup files
[0.633s] -- Configuring done
[0.635s] -- Generating done
[0.636s] -- Build files have been written to: /home/singularity/robpractice/build/my_scout_description
[0.641s] Invoked command in '/home/singularity/robpractice/build/my_scout_description' returned '0': CMAKE_PREFIX_PATH=${CMAKE_PREFIX_PATH}:/opt/ros/humble /usr/bin/cmake /home/singularity/robpractice/src/my_scout_description -DAMENT_CMAKE_SYMLINK_INSTALL=1 -DCMAKE_INSTALL_PREFIX=/home/singularity/robpractice/install/my_scout_description
[0.644s] Invoking command in '/home/singularity/robpractice/build/my_scout_description': CMAKE_PREFIX_PATH=${CMAKE_PREFIX_PATH}:/opt/ros/humble /usr/bin/cmake --build /home/singularity/robpractice/build/my_scout_description -- -j16 -l16
[0.675s] Invoked command in '/home/singularity/robpractice/build/my_scout_description' returned '0': CMAKE_PREFIX_PATH=${CMAKE_PREFIX_PATH}:/opt/ros/humble /usr/bin/cmake --build /home/singularity/robpractice/build/my_scout_description -- -j16 -l16
[0.685s] Invoking command in '/home/singularity/robpractice/build/my_scout_description': CMAKE_PREFIX_PATH=${CMAKE_PREFIX_PATH}:/opt/ros/humble /usr/bin/cmake --install /home/singularity/robpractice/build/my_scout_description
[0.692s] -- Install configuration: ""
[0.692s] -- Execute custom install script
[0.692s] -- Symlinking: /home/singularity/robpractice/install/my_scout_description/share/ament_index/resource_index/package_run_dependencies/my_scout_description
[0.699s] -- Symlinking: /home/singularity/robpractice/install/my_scout_description/share/ament_index/resource_index/parent_prefix_path/my_scout_description
[0.707s] -- Symlinking: /home/singularity/robpractice/install/my_scout_description/share/my_scout_description/environment/ament_prefix_path.sh
[0.716s] -- Symlinking: /home/singularity/robpractice/install/my_scout_description/share/my_scout_description/environment/ament_prefix_path.dsv
[0.723s] -- Symlinking: /home/singularity/robpractice/install/my_scout_description/share/my_scout_description/environment/path.sh
[0.731s] -- Symlinking: /home/singularity/robpractice/install/my_scout_description/share/my_scout_description/environment/path.dsv
[0.738s] -- Symlinking: /home/singularity/robpractice/install/my_scout_description/share/my_scout_description/local_setup.bash
[0.747s] -- Symlinking: /home/singularity/robpractice/install/my_scout_description/share/my_scout_description/local_setup.sh
[0.753s] -- Symlinking: /home/singularity/robpractice/install/my_scout_description/share/my_scout_description/local_setup.zsh
[0.761s] -- Symlinking: /home/singularity/robpractice/install/my_scout_description/share/my_scout_description/local_setup.dsv
[0.767s] -- Symlinking: /home/singularity/robpractice/install/my_scout_description/share/my_scout_description/package.dsv
[0.774s] -- Symlinking: /home/singularity/robpractice/install/my_scout_description/share/ament_index/resource_index/packages/my_scout_description
[0.780s] -- Symlinking: /home/singularity/robpractice/install/my_scout_description/share/my_scout_description/cmake/my_scout_descriptionConfig.cmake
[0.788s] -- Symlinking: /home/singularity/robpractice/install/my_scout_description/share/my_scout_description/cmake/my_scout_descriptionConfig-version.cmake
[0.795s] -- Symlinking: /home/singularity/robpractice/install/my_scout_description/share/my_scout_description/package.xml
[0.803s] -- Symlinking: /home/singularity/robpractice/install/my_scout_description/share/my_scout_description/urdf/scout_mini.xacro
[0.811s] -- Symlinking: /home/singularity/robpractice/install/my_scout_description/share/my_scout_description/meshes/scout_mini_base_link.dae
[0.818s] -- Symlinking: /home/singularity/robpractice/install/my_scout_description/share/my_scout_description/meshes/wheel.dae
[0.828s] Invoked command in '/home/singularity/robpractice/build/my_scout_description' returned '0': CMAKE_PREFIX_PATH=${CMAKE_PREFIX_PATH}:/opt/ros/humble /usr/bin/cmake --install /home/singularity/robpractice/build/my_scout_description
