-- Install configuration: ""
-- Execute custom install script
-- Up-to-date symlink: /home/singularity/robpractice/install/my_scout_description/share/ament_index/resource_index/package_run_dependencies/my_scout_description
-- Up-to-date symlink: /home/singularity/robpractice/install/my_scout_description/share/ament_index/resource_index/parent_prefix_path/my_scout_description
-- Up-to-date symlink: /home/singularity/robpractice/install/my_scout_description/share/my_scout_description/environment/ament_prefix_path.sh
-- Up-to-date symlink: /home/singularity/robpractice/install/my_scout_description/share/my_scout_description/environment/ament_prefix_path.dsv
-- Up-to-date symlink: /home/singularity/robpractice/install/my_scout_description/share/my_scout_description/environment/path.sh
-- Up-to-date symlink: /home/singularity/robpractice/install/my_scout_description/share/my_scout_description/environment/path.dsv
-- Up-to-date symlink: /home/singularity/robpractice/install/my_scout_description/share/my_scout_description/local_setup.bash
-- Up-to-date symlink: /home/singularity/robpractice/install/my_scout_description/share/my_scout_description/local_setup.sh
-- Up-to-date symlink: /home/singularity/robpractice/install/my_scout_description/share/my_scout_description/local_setup.zsh
-- Up-to-date symlink: /home/singularity/robpractice/install/my_scout_description/share/my_scout_description/local_setup.dsv
-- Symlinking: /home/singularity/robpractice/install/my_scout_description/share/my_scout_description/package.dsv
-- Up-to-date symlink: /home/singularity/robpractice/install/my_scout_description/share/ament_index/resource_index/packages/my_scout_description
-- Up-to-date symlink: /home/singularity/robpractice/install/my_scout_description/share/my_scout_description/cmake/my_scout_descriptionConfig.cmake
-- Up-to-date symlink: /home/singularity/robpractice/install/my_scout_description/share/my_scout_description/cmake/my_scout_descriptionConfig-version.cmake
-- Up-to-date symlink: /home/singularity/robpractice/install/my_scout_description/share/my_scout_description/package.xml
-- Up-to-date symlink: /home/singularity/robpractice/install/my_scout_description/share/my_scout_description/urdf/scout_mini.xacro
-- Up-to-date symlink: /home/singularity/robpractice/install/my_scout_description/share/my_scout_description/meshes/scout_mini_base_link.dae
-- Up-to-date symlink: /home/singularity/robpractice/install/my_scout_description/share/my_scout_description/meshes/wheel.dae
