running develop
running egg_info
creating autonomous_drive.egg-info
writing autonomous_drive.egg-info/PKG-INFO
writing dependency_links to autonomous_drive.egg-info/dependency_links.txt
writing entry points to autonomous_drive.egg-info/entry_points.txt
writing requirements to autonomous_drive.egg-info/requires.txt
writing top-level names to autonomous_drive.egg-info/top_level.txt
writing manifest file 'autonomous_drive.egg-info/SOURCES.txt'
reading manifest file 'autonomous_drive.egg-info/SOURCES.txt'
writing manifest file 'autonomous_drive.egg-info/SOURCES.txt'
running build_ext
Creating /home/singularity/robpractice/install/autonomous_drive/lib/python3.10/site-packages/autonomous-drive.egg-link (link to .)

Installed /home/singularity/robpractice/build/autonomous_drive
running symlink_data
creating /home/singularity/robpractice/install/autonomous_drive/share/ament_index
creating /home/singularity/robpractice/install/autonomous_drive/share/ament_index/resource_index
creating /home/singularity/robpractice/install/autonomous_drive/share/ament_index/resource_index/packages
symbolically linking /home/singularity/robpractice/build/autonomous_drive/resource/autonomous_drive -> /home/singularity/robpractice/install/autonomous_drive/share/ament_index/resource_index/packages
symbolically linking /home/singularity/robpractice/build/autonomous_drive/package.xml -> /home/singularity/robpractice/install/autonomous_drive/share/autonomous_drive
