[0.482s] Invoking command in '/home/singularity/robpractice/build/autonomous_drive': PYTHONPATH=/home/singularity/robpractice/build/autonomous_drive/prefix_override:/usr/lib/python3/dist-packages/colcon_core/task/python/colcon_distutils_commands:/home/singularity/robpractice/install/autonomous_drive/lib/python3.10/site-packages:${PYTHONPATH} /usr/bin/python3 -W ignore:setup.py install is deprecated -W ignore:easy_install command is deprecated setup.py develop --editable --build-directory /home/singularity/robpractice/build/autonomous_drive/build --no-deps symlink_data
[0.627s] running develop
[0.733s] running egg_info
[0.733s] creating autonomous_drive.egg-info
[0.733s] writing autonomous_drive.egg-info/PKG-INFO
[0.733s] writing dependency_links to autonomous_drive.egg-info/dependency_links.txt
[0.733s] writing entry points to autonomous_drive.egg-info/entry_points.txt
[0.733s] writing requirements to autonomous_drive.egg-info/requires.txt
[0.733s] writing top-level names to autonomous_drive.egg-info/top_level.txt
[0.733s] writing manifest file 'autonomous_drive.egg-info/SOURCES.txt'
[0.734s] reading manifest file 'autonomous_drive.egg-info/SOURCES.txt'
[0.734s] writing manifest file 'autonomous_drive.egg-info/SOURCES.txt'
[0.760s] running build_ext
[0.760s] Creating /home/singularity/robpractice/install/autonomous_drive/lib/python3.10/site-packages/autonomous-drive.egg-link (link to .)
[0.760s] 
[0.760s] Installed /home/singularity/robpractice/build/autonomous_drive
[0.760s] running symlink_data
[0.760s] creating /home/singularity/robpractice/install/autonomous_drive/share/ament_index
[0.760s] creating /home/singularity/robpractice/install/autonomous_drive/share/ament_index/resource_index
[0.760s] creating /home/singularity/robpractice/install/autonomous_drive/share/ament_index/resource_index/packages
[0.761s] symbolically linking /home/singularity/robpractice/build/autonomous_drive/resource/autonomous_drive -> /home/singularity/robpractice/install/autonomous_drive/share/ament_index/resource_index/packages
[0.761s] symbolically linking /home/singularity/robpractice/build/autonomous_drive/package.xml -> /home/singularity/robpractice/install/autonomous_drive/share/autonomous_drive
[0.778s] Invoked command in '/home/singularity/robpractice/build/autonomous_drive' returned '0': PYTHONPATH=/home/singularity/robpractice/build/autonomous_drive/prefix_override:/usr/lib/python3/dist-packages/colcon_core/task/python/colcon_distutils_commands:/home/singularity/robpractice/install/autonomous_drive/lib/python3.10/site-packages:${PYTHONPATH} /usr/bin/python3 -W ignore:setup.py install is deprecated -W ignore:easy_install command is deprecated setup.py develop --editable --build-directory /home/singularity/robpractice/build/autonomous_drive/build --no-deps symlink_data
