-- Install configuration: ""
-- Execute custom install script
-- Up-to-date symlink: /home/singularity/robpractice/install/scout_gazebo_sim/share/scout_gazebo_sim//launch/spawn_scout.launch.py
-- Up-to-date symlink: /home/singularity/robpractice/install/scout_gazebo_sim/share/scout_gazebo_sim//worlds/empty.world
-- Up-to-date symlink: /home/singularity/robpractice/install/scout_gazebo_sim/share/scout_gazebo_sim/config/bridge_config.yaml
-- Up-to-date symlink: /home/singularity/robpractice/install/scout_gazebo_sim/share/scout_gazebo_sim/rviz/scout_view.rviz
-- Up-to-date symlink: /home/singularity/robpractice/install/scout_gazebo_sim/share/ament_index/resource_index/package_run_dependencies/scout_gazebo_sim
-- Up-to-date symlink: /home/singularity/robpractice/install/scout_gazebo_sim/share/ament_index/resource_index/parent_prefix_path/scout_gazebo_sim
-- Up-to-date symlink: /home/singularity/robpractice/install/scout_gazebo_sim/share/scout_gazebo_sim/environment/ament_prefix_path.sh
-- Up-to-date symlink: /home/singularity/robpractice/install/scout_gazebo_sim/share/scout_gazebo_sim/environment/ament_prefix_path.dsv
-- Up-to-date symlink: /home/singularity/robpractice/install/scout_gazebo_sim/share/scout_gazebo_sim/environment/path.sh
-- Up-to-date symlink: /home/singularity/robpractice/install/scout_gazebo_sim/share/scout_gazebo_sim/environment/path.dsv
-- Up-to-date symlink: /home/singularity/robpractice/install/scout_gazebo_sim/share/scout_gazebo_sim/local_setup.bash
-- Up-to-date symlink: /home/singularity/robpractice/install/scout_gazebo_sim/share/scout_gazebo_sim/local_setup.sh
-- Up-to-date symlink: /home/singularity/robpractice/install/scout_gazebo_sim/share/scout_gazebo_sim/local_setup.zsh
-- Up-to-date symlink: /home/singularity/robpractice/install/scout_gazebo_sim/share/scout_gazebo_sim/local_setup.dsv
-- Symlinking: /home/singularity/robpractice/install/scout_gazebo_sim/share/scout_gazebo_sim/package.dsv
-- Up-to-date symlink: /home/singularity/robpractice/install/scout_gazebo_sim/share/ament_index/resource_index/packages/scout_gazebo_sim
-- Up-to-date symlink: /home/singularity/robpractice/install/scout_gazebo_sim/share/scout_gazebo_sim/cmake/scout_gazebo_simConfig.cmake
-- Up-to-date symlink: /home/singularity/robpractice/install/scout_gazebo_sim/share/scout_gazebo_sim/cmake/scout_gazebo_simConfig-version.cmake
-- Up-to-date symlink: /home/singularity/robpractice/install/scout_gazebo_sim/share/scout_gazebo_sim/package.xml
